TN:
SF:/Users/cliffano/dev/workspace/health/lib/checker.js
FN:9,allMustPass
FN:10,(anonymous_2)
FN:28,oneMustPass
FN:30,(anonymous_4)
FN:52,checkAttribute
FNF:5
FNH:5
FNDA:18,allMustPass
FNDA:30,(anonymous_2)
FNDA:9,oneMustPass
FNDA:18,(anonymous_4)
FNDA:33,checkAttribute
DA:9,1
DA:10,18
DA:11,30
DA:12,30
DA:14,10
DA:28,1
DA:29,9
DA:30,9
DA:31,18
DA:32,18
DA:34,10
DA:37,9
DA:38,2
DA:52,1
DA:53,33
DA:54,15
DA:55,5
DA:57,15
DA:59,33
DA:60,6
DA:64,1
DA:65,1
DA:66,1
LF:23
LH:23
BRDA:37,1,0,2
BRDA:37,1,1,7
BRDA:53,2,0,15
BRDA:53,2,1,18
BRDA:54,3,0,5
BRDA:54,3,1,10
BRDA:59,4,0,6
BRDA:59,4,1,27
BRF:8
BRH:8
end_of_record
TN:
SF:/Users/cliffano/dev/workspace/health/lib/checkers/file.js
FN:14,check
FN:16,(anonymous_2)
FN:32,_checkMode
FN:33,(anonymous_4)
FNF:4
FNH:4
FNDA:8,check
FNDA:8,(anonymous_2)
FNDA:7,_checkMode
FNDA:8,(anonymous_4)
DA:1,1
DA:14,1
DA:16,8
DA:17,8
DA:19,8
DA:20,1
DA:22,7
DA:24,7
DA:27,8
DA:28,8
DA:32,1
DA:33,7
DA:34,8
DA:35,5
DA:37,3
DA:42,1
LF:16
LH:16
BRDA:19,1,0,1
BRDA:19,1,1,7
BRDA:34,2,0,5
BRDA:34,2,1,3
BRF:4
BRH:4
end_of_record
TN:
SF:/Users/cliffano/dev/workspace/health/lib/result.js
FN:12,Result
FN:24,(anonymous_2)
FN:28,(anonymous_3)
FN:32,(anonymous_4)
FN:36,(anonymous_5)
FN:40,(anonymous_6)
FN:50,(anonymous_7)
FN:54,(anonymous_8)
FN:58,(anonymous_9)
FN:62,(anonymous_10)
FN:66,(anonymous_11)
FN:70,(anonymous_12)
FN:74,(anonymous_13)
FN:78,(anonymous_14)
FN:82,(anonymous_15)
FN:86,(anonymous_16)
FN:90,(anonymous_17)
FN:94,(anonymous_18)
FN:98,(anonymous_19)
FN:102,(anonymous_20)
FN:106,(anonymous_21)
FN:110,(anonymous_22)
FN:114,(anonymous_23)
FN:118,(anonymous_24)
FN:122,(anonymous_25)
FN:126,(anonymous_26)
FN:130,(anonymous_27)
FN:134,(anonymous_28)
FN:138,(anonymous_29)
FN:142,(anonymous_30)
FN:146,(anonymous_31)
FN:150,(anonymous_32)
FN:154,(anonymous_33)
FN:158,(anonymous_34)
FN:162,(anonymous_35)
FN:166,(anonymous_36)
FN:170,(anonymous_37)
FNF:37
FNH:32
FNDA:78,Result
FNDA:15,(anonymous_2)
FNDA:16,(anonymous_3)
FNDA:8,(anonymous_4)
FNDA:16,(anonymous_5)
FNDA:23,(anonymous_6)
FNDA:10,(anonymous_7)
FNDA:3,(anonymous_8)
FNDA:39,(anonymous_9)
FNDA:15,(anonymous_10)
FNDA:1,(anonymous_11)
FNDA:0,(anonymous_12)
FNDA:48,(anonymous_13)
FNDA:19,(anonymous_14)
FNDA:3,(anonymous_15)
FNDA:1,(anonymous_16)
FNDA:11,(anonymous_17)
FNDA:10,(anonymous_18)
FNDA:45,(anonymous_19)
FNDA:32,(anonymous_20)
FNDA:17,(anonymous_21)
FNDA:25,(anonymous_22)
FNDA:32,(anonymous_23)
FNDA:26,(anonymous_24)
FNDA:12,(anonymous_25)
FNDA:2,(anonymous_26)
FNDA:30,(anonymous_27)
FNDA:11,(anonymous_28)
FNDA:3,(anonymous_29)
FNDA:22,(anonymous_30)
FNDA:0,(anonymous_31)
FNDA:2,(anonymous_32)
FNDA:0,(anonymous_33)
FNDA:19,(anonymous_34)
FNDA:10,(anonymous_35)
FNDA:0,(anonymous_36)
FNDA:0,(anonymous_37)
DA:1,1
DA:12,1
DA:13,78
DA:14,78
DA:15,78
DA:16,78
DA:17,78
DA:18,78
DA:19,78
DA:20,78
DA:21,78
DA:24,1
DA:25,15
DA:28,1
DA:29,16
DA:32,1
DA:33,8
DA:36,1
DA:37,16
DA:40,1
DA:41,23
DA:42,3
DA:43,20
DA:44,7
DA:46,13
DA:50,1
DA:51,10
DA:54,1
DA:55,3
DA:58,1
DA:59,39
DA:62,1
DA:63,15
DA:66,1
DA:67,1
DA:70,1
DA:71,0
DA:74,1
DA:75,48
DA:78,1
DA:79,19
DA:82,1
DA:83,3
DA:86,1
DA:87,1
DA:90,1
DA:91,11
DA:94,1
DA:95,10
DA:98,1
DA:99,45
DA:102,1
DA:103,32
DA:106,1
DA:107,17
DA:110,1
DA:111,25
DA:114,1
DA:115,32
DA:118,1
DA:119,26
DA:122,1
DA:123,12
DA:126,1
DA:127,2
DA:130,1
DA:131,30
DA:134,1
DA:135,11
DA:138,1
DA:139,3
DA:142,1
DA:143,22
DA:146,1
DA:147,0
DA:150,1
DA:151,2
DA:154,1
DA:155,0
DA:158,1
DA:159,19
DA:162,1
DA:163,10
DA:166,1
DA:167,0
DA:170,1
DA:171,0
DA:174,1
LF:88
LH:83
BRDA:41,1,0,3
BRDA:41,1,1,20
BRDA:43,2,0,7
BRDA:43,2,1,13
BRF:4
BRH:4
end_of_record
TN:
SF:/Users/cliffano/dev/workspace/health/lib/checkers/http.js
FN:16,check
FN:24,_catchAll
FN:38,(anonymous_3)
FN:48,_checkStatusCode
FN:49,(anonymous_5)
FN:58,_checkText
FN:59,(anonymous_7)
FNF:7
FNH:7
FNDA:12,check
FNDA:11,_catchAll
FNDA:12,(anonymous_3)
FNDA:11,_checkStatusCode
FNDA:10,(anonymous_5)
FNDA:11,_checkText
FNDA:13,(anonymous_7)
DA:1,1
DA:16,1
DA:18,12
DA:24,1
DA:25,11
DA:27,11
DA:28,11
DA:30,11
DA:31,11
DA:33,11
DA:36,12
DA:38,12
DA:39,12
DA:40,12
DA:41,1
DA:43,12
DA:44,12
DA:48,1
DA:49,11
DA:50,10
DA:51,4
DA:53,6
DA:58,1
DA:59,11
DA:60,13
DA:61,9
DA:63,4
DA:68,1
LF:28
LH:28
BRDA:18,1,0,12
BRDA:18,1,1,12
BRDA:39,2,0,12
BRDA:39,2,1,1
BRDA:40,3,0,1
BRDA:40,3,1,11
BRDA:50,4,0,4
BRDA:50,4,1,6
BRDA:60,5,0,9
BRDA:60,5,1,4
BRF:10
BRH:10
end_of_record
TN:
SF:/Users/cliffano/dev/workspace/health/lib/checkers/https.js
FNF:0
FNH:0
DA:2,1
LF:1
LH:1
BRF:0
BRH:0
end_of_record
TN:
SF:/Users/cliffano/dev/workspace/health/lib/checkers/mongodb.js
FN:12,check
FN:21,(anonymous_2)
FNF:2
FNH:2
FNDA:3,check
FNDA:3,(anonymous_2)
DA:1,1
DA:12,1
DA:13,3
DA:14,3
DA:21,3
DA:22,3
DA:23,3
DA:24,1
DA:26,2
DA:28,3
DA:29,3
DA:33,1
LF:12
LH:12
BRDA:17,1,0,3
BRDA:17,1,1,2
BRDA:23,2,0,1
BRDA:23,2,1,2
BRF:4
BRH:4
end_of_record
TN:
SF:/Users/cliffano/dev/workspace/health/lib/cli.js
FN:6,_init
FN:10,_check
FN:12,log
FN:15,(anonymous_4)
FN:24,exit
FN:25,(anonymous_6)
FN:32,(anonymous_7)
FN:41,exec
FNF:8
FNH:8
FNDA:1,_init
FNDA:3,_check
FNDA:3,log
FNDA:1,(anonymous_4)
FNDA:3,exit
FNDA:5,(anonymous_6)
FNDA:3,(anonymous_7)
FNDA:5,exec
DA:1,1
DA:6,1
DA:7,1
DA:10,1
DA:12,1
DA:13,3
DA:14,3
DA:15,1
DA:16,1
DA:19,2
DA:24,1
DA:25,3
DA:26,5
DA:28,3
DA:31,3
DA:32,3
DA:33,3
DA:34,3
DA:41,1
DA:43,5
DA:50,5
DA:53,1
LF:22
LH:22
BRDA:13,1,0,3
BRDA:13,1,1,3
BRDA:14,2,0,1
BRDA:14,2,1,2
BRDA:25,3,0,3
BRDA:25,3,1,2
BRDA:26,4,0,3
BRDA:26,4,1,2
BRDA:31,5,0,3
BRDA:31,5,1,3
BRF:10
BRH:10
end_of_record
TN:
SF:/Users/cliffano/dev/workspace/health/lib/health.js
FN:23,Health
FN:46,(anonymous_2)
FN:54,(anonymous_3)
FN:64,(anonymous_4)
FN:74,(anonymous_5)
FN:75,(anonymous_6)
FN:84,(anonymous_7)
FN:110,(anonymous_8)
FN:129,(anonymous_9)
FN:153,(anonymous_10)
FN:156,addToGroup
FN:172,_getThreshold
FN:181,_isSuccess
FN:183,(anonymous_14)
FN:197,(anonymous_15)
FN:202,(anonymous_16)
FN:221,(anonymous_17)
FNF:17
FNH:17
FNDA:28,Health
FNDA:1,(anonymous_2)
FNDA:1,(anonymous_3)
FNDA:7,(anonymous_4)
FNDA:7,(anonymous_5)
FNDA:7,(anonymous_6)
FNDA:4,(anonymous_7)
FNDA:7,(anonymous_8)
FNDA:7,(anonymous_9)
FNDA:8,(anonymous_10)
FNDA:26,addToGroup
FNDA:6,_getThreshold
FNDA:6,_isSuccess
FNDA:26,(anonymous_14)
FNDA:6,(anonymous_15)
FNDA:26,(anonymous_16)
FNDA:6,(anonymous_17)
DA:1,1
DA:23,1
DA:24,28
DA:26,28
DA:32,28
DA:38,28
DA:46,1
DA:47,1
DA:48,1
DA:54,1
DA:55,1
DA:64,1
DA:65,7
DA:67,7
DA:68,1
DA:71,7
DA:74,7
DA:75,7
DA:77,7
DA:78,7
DA:80,5
DA:82,5
DA:84,4
DA:85,4
DA:86,1
DA:89,3
DA:90,3
DA:91,3
DA:94,3
DA:96,3
DA:97,3
DA:102,1
DA:105,2
DA:110,7
DA:111,7
DA:112,3
DA:113,4
DA:116,2
DA:118,2
DA:119,1
DA:121,1
DA:124,2
DA:129,1
DA:131,7
DA:132,5
DA:134,7
DA:137,7
DA:138,2
DA:142,7
DA:143,7
DA:144,1
DA:145,1
DA:146,1
DA:147,1
DA:150,7
DA:153,1
DA:154,8
DA:156,1
DA:157,26
DA:158,6
DA:162,26
DA:165,8
DA:166,32
DA:167,26
DA:172,1
DA:173,6
DA:174,6
DA:175,2
DA:176,2
DA:178,6
DA:181,1
DA:182,6
DA:183,6
DA:184,26
DA:185,4
DA:192,6
DA:197,8
DA:198,6
DA:202,6
DA:203,26
DA:205,26
DA:206,13
DA:207,7
DA:211,13
DA:212,3
DA:218,8
DA:221,1
DA:222,6
DA:225,6
DA:226,6
DA:231,6
DA:234,1
LF:92
LH:92
BRDA:24,1,0,28
BRDA:24,1,1,17
BRDA:27,2,0,28
BRDA:27,2,1,17
BRDA:28,3,0,28
BRDA:28,3,1,28
BRDA:67,4,0,1
BRDA:67,4,1,6
BRDA:78,5,0,5
BRDA:78,5,1,2
BRDA:82,6,0,4
BRDA:82,6,1,1
BRDA:85,7,0,1
BRDA:85,7,1,3
BRDA:96,8,0,3
BRDA:96,8,1,1
BRDA:111,9,0,3
BRDA:111,9,1,4
BRDA:113,10,0,2
BRDA:113,10,1,2
BRDA:118,11,0,1
BRDA:118,11,1,1
BRDA:131,12,0,5
BRDA:131,12,1,2
BRDA:137,13,0,2
BRDA:137,13,1,5
BRDA:137,14,0,7
BRDA:137,14,1,2
BRDA:137,14,2,1
BRDA:143,15,0,1
BRDA:143,15,1,6
BRDA:157,16,0,6
BRDA:157,16,1,20
BRDA:166,17,0,26
BRDA:166,17,1,6
BRDA:174,18,0,2
BRDA:174,18,1,4
BRDA:184,19,0,4
BRDA:184,19,1,22
BRDA:192,20,0,2
BRDA:192,20,1,4
BRDA:205,21,0,13
BRDA:205,21,1,13
BRDA:206,22,0,7
BRDA:206,22,1,6
BRDA:206,23,0,13
BRDA:206,23,1,9
BRDA:211,24,0,3
BRDA:211,24,1,10
BRF:49
BRH:49
end_of_record
TN:
SF:/Users/cliffano/dev/workspace/health/lib/formatters/cli.js
FN:15,format
FN:18,(anonymous_2)
FN:29,(anonymous_3)
FNF:3
FNH:3
FNDA:3,format
FNDA:3,(anonymous_2)
FNDA:1,(anonymous_3)
DA:1,1
DA:15,1
DA:16,3
DA:18,3
DA:20,3
DA:28,3
DA:29,3
DA:30,1
DA:32,3
DA:36,3
DA:39,1
LF:11
LH:11
BRDA:23,1,0,1
BRDA:23,1,1,2
BRF:2
BRH:2
end_of_record
TN:
SF:/Users/cliffano/dev/workspace/health/lib/formatters/html.js
FN:19,format
FN:21,_escape
FN:36,(anonymous_3)
FN:37,(anonymous_4)
FN:38,(anonymous_5)
FN:43,(anonymous_6)
FNF:6
FNH:4
FNDA:1,format
FNDA:0,_escape
FNDA:1,(anonymous_3)
FNDA:1,(anonymous_4)
FNDA:1,(anonymous_5)
FNDA:0,(anonymous_6)
DA:1,1
DA:19,1
DA:21,1
DA:22,0
DA:23,0
DA:25,0
DA:26,0
DA:27,0
DA:30,1
DA:35,1
DA:36,1
DA:38,1
DA:39,1
DA:41,1
DA:47,1
DA:50,1
LF:16
LH:11
BRDA:22,1,0,0
BRDA:22,1,1,0
BRF:2
BRH:0
end_of_record
TN:
SF:/Users/cliffano/dev/workspace/health/lib/formatters/text.js
FN:14,format
FN:17,(anonymous_2)
FN:28,(anonymous_3)
FNF:3
FNH:3
FNDA:5,format
FNDA:6,(anonymous_2)
FNDA:2,(anonymous_3)
DA:1,1
DA:14,1
DA:15,5
DA:17,5
DA:19,6
DA:27,6
DA:28,6
DA:29,2
DA:34,5
DA:37,1
LF:10
LH:10
BRDA:22,1,0,3
BRDA:22,1,1,3
BRF:2
BRH:2
end_of_record
